<?xml version="1.0" encoding="UTF-8"?>
<testsuite name="com.jmeter.helpers.BCryptHelperTest" tests="2" skipped="0" failures="0" errors="0" timestamp="2018-10-23T07:29:54" hostname="TAG-2094" time="0.091">
  <properties/>
  <testcase name="verifyHash" classname="com.jmeter.helpers.BCryptHelperTest" time="0.001"/>
  <testcase name="hash" classname="com.jmeter.helpers.BCryptHelperTest" time="0.089"/>
  <system-out><![CDATA[]]></system-out>
  <system-err><![CDATA[]]></system-err>
</testsuite>
